<?xml version="1.0" encoding="UTF-8"?>
<!-- Generated by org.testng.reporters.JUnitXMLReporter -->
<testsuite ignored="0" hostname="LAPTOP-6EUUVVQ8" failures="1" tests="2" name="Test" time="37.338" errors="0" timestamp="2025-09-06T19:35:39 IST">
  <testcase classname="TestCases.testCase1" name="LoginTest" time="3.713">
    <skipped/>
  </testcase> <!-- LoginTest -->
  <testcase classname="TestCases.testCase1" name="LoginTest" time="3.962">
    <failure type="java.lang.AssertionError" message="Elements not found expected [true] but found [false]">
      <![CDATA[java.lang.AssertionError: Elements not found expected [true] but found [false]
at pageEvents.loginPageEvents.validateLoginPgLoaded(loginPageEvents.java:14)
at TestCases.testCase1.LoginTest(testCase1.java:16)
at java.base/java.util.ArrayList.forEach(ArrayList.java:1597)
... Removed 28 stack frames]]>
    </failure>
  </testcase> <!-- LoginTest -->
</testsuite> <!-- Test -->
